<?xml version="1.0" encoding="UTF-8"?>
<!-- Generated by org.testng.reporters.JUnitReportReporter -->
<testsuite hostname="Eduard-Zaplotynskyi" failures="0" tests="1" name="testCases.LogIn" time="7.388" errors="0" timestamp="2024-01-02T22:41:28 EST" skipped="0">
  <testcase classname="testCases.LogIn" name="LogInStart" time="7.388"/>
  <system-out/>
</testsuite> <!-- testCases.LogIn -->
